%!Adobe-FontList 1.16
%Locale:0x409

%BeginFont
Handler:DirectoryHandler
FontType:TrueType
FontName:Arial-BoldMT
FamilyName:Arial
StyleName:Bold
MenuName:Arial
StyleBits:2
WeightClass:700
WidthClass:5
AngleClass:0
FullName:Arial Bold
WritingScript:Roman
OutlineFileName:\Arial Bold.ttf
DataFormat:sfntData
FileLength:751104
FileModTime:1276267392
NameArray:0,Mac,4,Arial Bold
NameArray:0,Win,1,Arial
%EndFont

%BeginFont
Handler:DirectoryHandler
FontType:TrueType
FontName:ArialMT
FamilyName:Arial
StyleName:Regular
MenuName:Arial
StyleBits:0
WeightClass:400
WidthClass:5
AngleClass:0
FullName:Arial
WritingScript:Roman
OutlineFileName:\Arial.ttf
DataFormat:sfntData
FileLength:774476
FileModTime:1276267393
NameArray:0,Mac,4,Arial
NameArray:0,Win,1,Arial
%EndFont

%BeginFont
Handler:DirectoryHandler
FontType:TrueType
FontName:Avenir-Book
FamilyName:Avenir
StyleName:Book
MenuName:Avenir Book
StyleBits:0
WeightClass:400
WidthClass:5
AngleClass:0
FullName:Avenir Book
WritingScript:Roman
OutlineFileName:\Avenir.ttc
TTCOffset:72
DataFormat:sfntData
FileLength:1586556
FileModTime:1410310394
NameArray:0,Mac,18,Avenir Book
NameArray:0,Mac,4,Avenir Book
NameArray:0,Win,1,Avenir Book
NameArray:0,Win,16,Avenir
%EndFont

%BeginFont
Handler:DirectoryHandler
FontType:TrueType
FontName:Avenir-BookOblique
FamilyName:Avenir
StyleName:Book Oblique
MenuName:Avenir Book
StyleBits:1
WeightClass:400
WidthClass:5
AngleClass:1
FullName:Avenir Book Oblique
WritingScript:Roman
OutlineFileName:\Avenir.ttc
TTCOffset:372
DataFormat:sfntData
FileLength:1586556
FileModTime:1410310394
NameArray:0,Mac,18,Avenir Book Oblique
NameArray:0,Mac,4,Avenir Book Oblique
NameArray:0,Win,1,Avenir Book
NameArray:0,Win,16,Avenir
%EndFont

%BeginFont
Handler:DirectoryHandler
FontType:TrueType
FontName:Avenir-Black
FamilyName:Avenir
StyleName:Black
MenuName:Avenir Black
StyleBits:2
WeightClass:800
WidthClass:5
AngleClass:0
FullName:Avenir Black
WritingScript:Roman
OutlineFileName:\Avenir.ttc
TTCOffset:672
DataFormat:sfntData
FileLength:1586556
FileModTime:1410310394
NameArray:0,Mac,18,Avenir Black
NameArray:0,Mac,4,Avenir Black
NameArray:0,Win,1,Avenir Black
NameArray:0,Win,16,Avenir
%EndFont

%BeginFont
Handler:DirectoryHandler
FontType:TrueType
FontName:Avenir-BlackOblique
FamilyName:Avenir
StyleName:Black Oblique
MenuName:Avenir Black Oblique
StyleBits:3
WeightClass:800
WidthClass:5
AngleClass:1
FullName:Avenir Black Oblique
WritingScript:Roman
OutlineFileName:\Avenir.ttc
TTCOffset:956
DataFormat:sfntData
FileLength:1586556
FileModTime:1410310394
NameArray:0,Mac,18,Avenir Black Oblique
NameArray:0,Mac,4,Avenir Black Oblique
NameArray:0,Win,1,Avenir Black Oblique
NameArray:0,Win,16,Avenir
%EndFont

%BeginFont
Handler:DirectoryHandler
FontType:TrueType
FontName:Avenir-Heavy
FamilyName:Avenir
StyleName:Heavy
MenuName:Avenir Heavy
StyleBits:2
WeightClass:900
WidthClass:5
AngleClass:0
FullName:Avenir Heavy
WritingScript:Roman
OutlineFileName:\Avenir.ttc
TTCOffset:1240
DataFormat:sfntData
FileLength:1586556
FileModTime:1410310394
NameArray:0,Mac,18,Avenir Heavy
NameArray:0,Mac,4,Avenir Heavy
NameArray:0,Win,1,Avenir Heavy
NameArray:0,Win,16,Avenir
%EndFont

%BeginFont
Handler:DirectoryHandler
FontType:TrueType
FontName:Avenir-HeavyOblique
FamilyName:Avenir
StyleName:Heavy Oblique
MenuName:Avenir Heavy
StyleBits:3
WeightClass:900
WidthClass:5
AngleClass:1
FullName:Avenir Heavy Oblique
WritingScript:Roman
OutlineFileName:\Avenir.ttc
TTCOffset:1508
DataFormat:sfntData
FileLength:1586556
FileModTime:1410310394
NameArray:0,Mac,18,Avenir Heavy Oblique
NameArray:0,Mac,4,Avenir Heavy Oblique
NameArray:0,Win,1,Avenir Heavy
NameArray:0,Win,16,Avenir
%EndFont

%BeginFont
Handler:DirectoryHandler
FontType:TrueType
FontName:Avenir-Light
FamilyName:Avenir
StyleName:Light
MenuName:Avenir Light
StyleBits:0
WeightClass:300
WidthClass:5
AngleClass:0
FullName:Avenir Light
WritingScript:Roman
OutlineFileName:\Avenir.ttc
TTCOffset:1808
DataFormat:sfntData
FileLength:1586556
FileModTime:1410310394
NameArray:0,Mac,18,Avenir Light
NameArray:0,Mac,4,Avenir Light
NameArray:0,Win,1,Avenir Light
NameArray:0,Win,16,Avenir
%EndFont

%BeginFont
Handler:DirectoryHandler
FontType:TrueType
FontName:Avenir-LightOblique
FamilyName:Avenir
StyleName:Light Oblique
MenuName:Avenir Light
StyleBits:1
WeightClass:300
WidthClass:5
AngleClass:1
FullName:Avenir Light Oblique
WritingScript:Roman
OutlineFileName:\Avenir.ttc
TTCOffset:2108
DataFormat:sfntData
FileLength:1586556
FileModTime:1410310394
NameArray:0,Mac,18,Avenir Light Oblique
NameArray:0,Mac,4,Avenir Light Oblique
NameArray:0,Win,1,Avenir Light
NameArray:0,Win,16,Avenir
%EndFont

%BeginFont
Handler:DirectoryHandler
FontType:TrueType
FontName:Avenir-Medium
FamilyName:Avenir
StyleName:Medium
MenuName:Avenir Medium
StyleBits:0
WeightClass:500
WidthClass:5
AngleClass:0
FullName:Avenir Medium
WritingScript:Roman
OutlineFileName:\Avenir.ttc
TTCOffset:2408
DataFormat:sfntData
FileLength:1586556
FileModTime:1410310394
NameArray:0,Mac,18,Avenir Medium
NameArray:0,Mac,4,Avenir Medium
NameArray:0,Win,1,Avenir Medium
NameArray:0,Win,16,Avenir
%EndFont

%BeginFont
Handler:DirectoryHandler
FontType:TrueType
FontName:Avenir-MediumOblique
FamilyName:Avenir
StyleName:Medium Oblique
MenuName:Avenir Medium
StyleBits:1
WeightClass:500
WidthClass:5
AngleClass:1
FullName:Avenir Medium Oblique
WritingScript:Roman
OutlineFileName:\Avenir.ttc
TTCOffset:2692
DataFormat:sfntData
FileLength:1586556
FileModTime:1410310394
NameArray:0,Mac,18,Avenir Medium Oblique
NameArray:0,Mac,4,Avenir Medium Oblique
NameArray:0,Win,1,Avenir Medium
NameArray:0,Win,16,Avenir
%EndFont

%BeginFont
Handler:DirectoryHandler
FontType:TrueType
FontName:Avenir-Oblique
FamilyName:Avenir
StyleName:Oblique
MenuName:Avenir
StyleBits:1
WeightClass:400
WidthClass:5
AngleClass:1
FullName:Avenir Oblique
WritingScript:Roman
OutlineFileName:\Avenir.ttc
TTCOffset:2992
DataFormat:sfntData
FileLength:1586556
FileModTime:1410310394
NameArray:0,Mac,18,Avenir Oblique
NameArray:0,Mac,4,Avenir Oblique
NameArray:0,Win,1,Avenir
NameArray:0,Win,16,Avenir
%EndFont

%BeginFont
Handler:DirectoryHandler
FontType:TrueType
FontName:Avenir-Roman
FamilyName:Avenir
StyleName:Roman
MenuName:Avenir
StyleBits:0
WeightClass:400
WidthClass:5
AngleClass:0
FullName:Avenir Roman
WritingScript:Roman
OutlineFileName:\Avenir.ttc
TTCOffset:3292
DataFormat:sfntData
FileLength:1586556
FileModTime:1410310394
NameArray:0,Mac,18,Avenir Roman
NameArray:0,Mac,4,Avenir Roman
NameArray:0,Win,1,Avenir
NameArray:0,Win,16,Avenir
%EndFont

%BeginFont
Handler:DirectoryHandler
FontType:TrueType
FontName:Helvetica
FamilyName:Helvetica
StyleName:Regular
MenuName:Helvetica
StyleBits:0
WeightClass:400
WidthClass:5
AngleClass:0
FullName:Helvetica
WritingScript:Roman
OutlineFileName:\Helvetica.dfont
DataFormat:sfntResource
ResourceID:25595
FileLength:2551248
FileModTime:1410310384
NameArray:0,Mac,18,Helvetica
NameArray:0,Mac,4,Helvetica
%EndFont

%BeginFont
Handler:DirectoryHandler
FontType:TrueType
FontName:Helvetica-Bold
FamilyName:Helvetica
StyleName:Bold
MenuName:Helvetica
StyleBits:2
WeightClass:700
WidthClass:5
AngleClass:0
FullName:Helvetica Bold
WritingScript:Roman
OutlineFileName:\Helvetica.dfont
DataFormat:sfntResource
ResourceID:28517
FileLength:2551248
FileModTime:1410310384
NameArray:0,Mac,4,Helvetica Bold
NameArray:0,Mac,4,Helvetica lihava
NameArray:0,Mac,4,Helvetica Gras
NameArray:0,Mac,4,Helvetica Fett
NameArray:0,Mac,4,Helvetica grassetto
NameArray:0,Mac,4,Helvetica vet
NameArray:0,Mac,4,Helvetica Fet
NameArray:0,Mac,4,Helvetica Negrita
NameArray:0,Mac,4,Helvetica Carregado
NameArray:0,Mac,4,Helvetica Halvfet
NameArray:0,Mac,18,Helvetica Bold
NameArray:4,Mac,4,Helvetica‭ ‬أسود
NameArray:4,Mac,4,Helvetica‭ ‬برجسته
NameArray:5,Mac,4,Helvetica‭ ‬עבה
%EndFont

%BeginFont
Handler:DirectoryHandler
FontType:TrueType
FontName:Helvetica-Oblique
FamilyName:Helvetica
StyleName:Oblique
MenuName:Helvetica
StyleBits:1
WeightClass:400
WidthClass:5
AngleClass:1
FullName:Helvetica Oblique
WritingScript:Roman
OutlineFileName:\Helvetica.dfont
DataFormat:sfntResource
ResourceID:22365
FileLength:2551248
FileModTime:1410310384
NameArray:0,Mac,18,Helvetica Oblique
NameArray:0,Mac,4,Helvetica Oblique
%EndFont

%BeginFont
Handler:DirectoryHandler
FontType:TrueType
FontName:Helvetica-BoldOblique
FamilyName:Helvetica
StyleName:Bold Oblique
MenuName:Helvetica
StyleBits:3
WeightClass:700
WidthClass:5
AngleClass:1
FullName:Helvetica Bold Oblique
WritingScript:Roman
OutlineFileName:\Helvetica.dfont
DataFormat:sfntResource
ResourceID:6413
FileLength:2551248
FileModTime:1410310384
NameArray:0,Mac,18,Helvetica Bold Oblique
NameArray:0,Mac,4,Helvetica Bold Oblique
%EndFont

%BeginFont
Handler:DirectoryHandler
FontType:TrueType
FontName:Helvetica-Light
FamilyName:Helvetica
StyleName:Light
MenuName:Helvetica
StyleBits:0
WeightClass:300
WidthClass:5
AngleClass:0
FullName:Helvetica Light
WritingScript:Roman
OutlineFileName:\Helvetica.dfont
DataFormat:sfntResource
ResourceID:22375
FileLength:2551248
FileModTime:1410310384
NameArray:0,Mac,18,Helvetica Light
NameArray:0,Mac,4,Helvetica Light
%EndFont

%BeginFont
Handler:DirectoryHandler
FontType:TrueType
FontName:Helvetica-LightOblique
FamilyName:Helvetica
StyleName:Light Oblique
MenuName:Helvetica
StyleBits:1
WeightClass:300
WidthClass:5
AngleClass:1
FullName:Helvetica Light Oblique
WritingScript:Roman
OutlineFileName:\Helvetica.dfont
DataFormat:sfntResource
ResourceID:6513
FileLength:2551248
FileModTime:1410310384
NameArray:0,Mac,18,Helvetica Light Oblique
NameArray:0,Mac,4,Helvetica Light Oblique
%EndFont

%BeginFont
Handler:DirectoryHandler
FontType:Suitcase
FontName:Helvetica
OutlineFileName:\Helvetica.dfont
ResourceID:21
MacStyle:0
FileLength:2551248
FileModTime:1410310384
%EndFont

%BeginFont
Handler:DirectoryHandler
FontType:Suitcase
FontName:Helvetica-Bold
OutlineFileName:\Helvetica.dfont
ResourceID:21
MacStyle:1
FileLength:2551248
FileModTime:1410310384
%EndFont

%BeginFont
Handler:DirectoryHandler
FontType:Suitcase
FontName:Helvetica-Oblique
OutlineFileName:\Helvetica.dfont
ResourceID:21
MacStyle:2
FileLength:2551248
FileModTime:1410310384
%EndFont

%BeginFont
Handler:DirectoryHandler
FontType:Suitcase
FontName:Helvetica-BoldOblique
OutlineFileName:\Helvetica.dfont
ResourceID:21
MacStyle:3
FileLength:2551248
FileModTime:1410310384
%EndFont

%BeginFont
Handler:DirectoryHandler
FontType:Suitcase
FontName:Helvetica-Light
OutlineFileName:\Helvetica.dfont
ResourceID:211
MacStyle:0
FileLength:2551248
FileModTime:1410310384
%EndFont

%BeginFont
Handler:DirectoryHandler
FontType:Suitcase
FontName:Helvetica-LightOblique
OutlineFileName:\Helvetica.dfont
ResourceID:211
MacStyle:2
FileLength:2551248
FileModTime:1410310384
%EndFont

%BeginFont
Handler:DirectoryHandler
FontType:TrueType
FontName:HelveticaNeue-Bold
FamilyName:Helvetica Neue
StyleName:Bold
MenuName:Helvetica Neue
StyleBits:2
WeightClass:700
WidthClass:5
AngleClass:0
FullName:Helvetica Neue Bold
WritingScript:Roman
OutlineFileName:\HelveticaNeue.dfont
DataFormat:sfntResource
ResourceID:14151
FileLength:6738727
FileModTime:1410310384
NameArray:0,Mac,4,Helvetica Neue Bold
%EndFont

%BeginFont
Handler:DirectoryHandler
FontType:TrueType
FontName:HelveticaNeue
FamilyName:Helvetica Neue
StyleName:Regular
MenuName:Helvetica Neue
StyleBits:0
WeightClass:400
WidthClass:5
AngleClass:0
FullName:Helvetica Neue
WritingScript:Roman
OutlineFileName:\HelveticaNeue.dfont
DataFormat:sfntResource
ResourceID:15445
FileLength:6738727
FileModTime:1410310384
NameArray:0,Mac,4,Helvetica Neue
%EndFont

%BeginFont
Handler:DirectoryHandler
FontType:TrueType
FontName:HelveticaNeue-UltraLight
FamilyName:Helvetica Neue
StyleName:UltraLight
MenuName:Helvetica Neue
StyleBits:0
WeightClass:100
WidthClass:5
AngleClass:0
FullName:Helvetica Neue UltraLight
WritingScript:Roman
OutlineFileName:\HelveticaNeue.dfont
DataFormat:sfntResource
ResourceID:8110
FileLength:6738727
FileModTime:1410310384
NameArray:0,Mac,4,Helvetica Neue UltraLight
%EndFont

%BeginFont
Handler:DirectoryHandler
FontType:TrueType
FontName:HelveticaNeue-Italic
FamilyName:Helvetica Neue
StyleName:Italic
MenuName:Helvetica Neue
StyleBits:1
WeightClass:400
WidthClass:5
AngleClass:1
FullName:Helvetica Neue Italic
WritingScript:Roman
OutlineFileName:\HelveticaNeue.dfont
DataFormat:sfntResource
ResourceID:18772
FileLength:6738727
FileModTime:1410310384
NameArray:0,Mac,4,Helvetica Neue Italic
%EndFont

%BeginFont
Handler:DirectoryHandler
FontType:TrueType
FontName:HelveticaNeue-Light
FamilyName:Helvetica Neue
StyleName:Light
MenuName:Helvetica Neue
StyleBits:0
WeightClass:300
WidthClass:5
AngleClass:0
FullName:Helvetica Neue Light
WritingScript:Roman
OutlineFileName:\HelveticaNeue.dfont
DataFormat:sfntResource
ResourceID:20609
FileLength:6738727
FileModTime:1410310384
NameArray:0,Mac,4,Helvetica Neue Light
%EndFont

%BeginFont
Handler:DirectoryHandler
FontType:TrueType
FontName:HelveticaNeue-UltraLightItalic
FamilyName:Helvetica Neue
StyleName:UltraLight Italic
MenuName:Helvetica Neue
StyleBits:1
WeightClass:100
WidthClass:5
AngleClass:1
FullName:Helvetica Neue UltraLight Italic
WritingScript:Roman
OutlineFileName:\HelveticaNeue.dfont
DataFormat:sfntResource
ResourceID:24685
FileLength:6738727
FileModTime:1410310384
NameArray:0,Mac,4,Helvetica Neue UltraLight Italic
%EndFont

%BeginFont
Handler:DirectoryHandler
FontType:TrueType
FontName:HelveticaNeue-CondensedBlack
FamilyName:Helvetica Neue
StyleName:Condensed Black
MenuName:Helvetica Neue
StyleBits:2
WeightClass:900
WidthClass:3
AngleClass:0
FullName:Helvetica Neue Condensed Black
WritingScript:Roman
OutlineFileName:\HelveticaNeue.dfont
DataFormat:sfntResource
ResourceID:28134
FileLength:6738727
FileModTime:1410310384
NameArray:0,Mac,4,Helvetica Neue Condensed Black
%EndFont

%BeginFont
Handler:DirectoryHandler
FontType:TrueType
FontName:HelveticaNeue-CondensedBold
FamilyName:Helvetica Neue
StyleName:Condensed Bold
MenuName:Helvetica Neue
StyleBits:2
WeightClass:700
WidthClass:3
AngleClass:0
FullName:Helvetica Neue Condensed Bold
WritingScript:Roman
OutlineFileName:\HelveticaNeue.dfont
DataFormat:sfntResource
ResourceID:30606
FileLength:6738727
FileModTime:1410310384
NameArray:0,Mac,4,Helvetica Neue Condensed Bold
%EndFont

%BeginFont
Handler:DirectoryHandler
FontType:TrueType
FontName:HelveticaNeue-BoldItalic
FamilyName:Helvetica Neue
StyleName:Bold Italic
MenuName:Helvetica Neue
StyleBits:3
WeightClass:700
WidthClass:5
AngleClass:1
FullName:Helvetica Neue Bold Italic
WritingScript:Roman
OutlineFileName:\HelveticaNeue.dfont
DataFormat:sfntResource
ResourceID:12888
FileLength:6738727
FileModTime:1410310384
NameArray:0,Mac,4,Helvetica Neue Bold Italic
%EndFont

%BeginFont
Handler:DirectoryHandler
FontType:TrueType
FontName:HelveticaNeue-LightItalic
FamilyName:Helvetica Neue
StyleName:Light Italic
MenuName:Helvetica Neue
StyleBits:1
WeightClass:300
WidthClass:5
AngleClass:1
FullName:Helvetica Neue Light Italic
WritingScript:Roman
OutlineFileName:\HelveticaNeue.dfont
DataFormat:sfntResource
ResourceID:13514
FileLength:6738727
FileModTime:1410310384
NameArray:0,Mac,4,Helvetica Neue Light Italic
%EndFont

%BeginFont
Handler:DirectoryHandler
FontType:TrueType
FontName:HelveticaNeue-Medium
FamilyName:Helvetica Neue
StyleName:Medium
MenuName:Helvetica Neue
StyleBits:0
WeightClass:500
WidthClass:5
AngleClass:0
FullName:Helvetica Neue Medium
WritingScript:Roman
OutlineFileName:\HelveticaNeue.dfont
DataFormat:sfntResource
ResourceID:14242
FileLength:6738727
FileModTime:1410310384
NameArray:0,Mac,4,Helvetica Neue Medium
%EndFont

%BeginFont
Handler:DirectoryHandler
FontType:TrueType
FontName:HelveticaNeue-Thin
FamilyName:Helvetica Neue
StyleName:Thin
MenuName:Helvetica Neue
StyleBits:0
WeightClass:250
WidthClass:5
AngleClass:0
FullName:Helvetica Neue Thin
WritingScript:Roman
OutlineFileName:\HelveticaNeue.dfont
DataFormat:sfntResource
ResourceID:14243
FileLength:6738727
FileModTime:1410310384
NameArray:0,Mac,4,Helvetica Neue Thin
NameArray:0,Win,1,Helvetica Neue
%EndFont

%BeginFont
Handler:DirectoryHandler
FontType:TrueType
FontName:HelveticaNeue-ThinItalic
FamilyName:Helvetica Neue
StyleName:Thin Italic
MenuName:Helvetica Neue
StyleBits:0
WeightClass:250
WidthClass:5
AngleClass:0
FullName:Helvetica Neue Thin Italic
WritingScript:Roman
OutlineFileName:\HelveticaNeue.dfont
DataFormat:sfntResource
ResourceID:14244
FileLength:6738727
FileModTime:1410310384
NameArray:0,Mac,4,Helvetica Neue Thin Italic
NameArray:0,Win,1,Helvetica Neue
%EndFont

%BeginFont
Handler:DirectoryHandler
FontType:TrueType
FontName:HelveticaNeue-MediumItalic
FamilyName:Helvetica Neue
StyleName:Medium Italic
MenuName:Helvetica Neue
StyleBits:0
WeightClass:500
WidthClass:5
AngleClass:0
FullName:Helvetica Neue Medium Italic
WritingScript:Roman
OutlineFileName:\HelveticaNeue.dfont
DataFormat:sfntResource
ResourceID:14245
FileLength:6738727
FileModTime:1410310384
NameArray:0,Mac,4,Helvetica Neue Medium Italic
%EndFont

%BeginFont
Handler:DirectoryHandler
FontType:Suitcase
FontName:HelveticaNeue
OutlineFileName:\HelveticaNeue.dfont
ResourceID:4684
MacStyle:0
FileLength:6738727
FileModTime:1410310384
%EndFont

%BeginFont
Handler:DirectoryHandler
FontType:Suitcase
FontName:HelveticaNeue-Bold
OutlineFileName:\HelveticaNeue.dfont
ResourceID:4684
MacStyle:1
FileLength:6738727
FileModTime:1410310384
%EndFont

%BeginFont
Handler:DirectoryHandler
FontType:Suitcase
FontName:HelveticaNeue-Italic
OutlineFileName:\HelveticaNeue.dfont
ResourceID:4684
MacStyle:2
FileLength:6738727
FileModTime:1410310384
%EndFont

%BeginFont
Handler:DirectoryHandler
FontType:Suitcase
FontName:HelveticaNeue-BoldItalic
OutlineFileName:\HelveticaNeue.dfont
ResourceID:4684
MacStyle:3
FileLength:6738727
FileModTime:1410310384
%EndFont

%BeginFont
Handler:DirectoryHandler
FontType:Suitcase
FontName:HelveticaNeue-CondensedBold
OutlineFileName:\HelveticaNeue.dfont
ResourceID:4685
MacStyle:0
FileLength:6738727
FileModTime:1410310384
%EndFont

%BeginFont
Handler:DirectoryHandler
FontType:Suitcase
FontName:HelveticaNeue-UltraLight
OutlineFileName:\HelveticaNeue.dfont
ResourceID:4688
MacStyle:0
FileLength:6738727
FileModTime:1410310384
%EndFont

%BeginFont
Handler:DirectoryHandler
FontType:Suitcase
FontName:HelveticaNeue-UltraLightItalic
OutlineFileName:\HelveticaNeue.dfont
ResourceID:4688
MacStyle:2
FileLength:6738727
FileModTime:1410310384
%EndFont

%BeginFont
Handler:DirectoryHandler
FontType:Suitcase
FontName:HelveticaNeue-Light
OutlineFileName:\HelveticaNeue.dfont
ResourceID:4846
MacStyle:0
FileLength:6738727
FileModTime:1410310384
%EndFont

%BeginFont
Handler:DirectoryHandler
FontType:Suitcase
FontName:HelveticaNeue-LightItalic
OutlineFileName:\HelveticaNeue.dfont
ResourceID:4846
MacStyle:2
FileLength:6738727
FileModTime:1410310384
%EndFont

%BeginFont
Handler:DirectoryHandler
FontType:Suitcase
FontName:HelveticaNeue-CondensedBlack
OutlineFileName:\HelveticaNeue.dfont
ResourceID:4889
MacStyle:0
FileLength:6738727
FileModTime:1410310384
%EndFont

%BeginFont
Handler:DirectoryHandler
FontType:Suitcase
FontName:HelveticaNeue-Medium
OutlineFileName:\HelveticaNeue.dfont
ResourceID:128
MacStyle:0
FileLength:6738727
FileModTime:1410310384
%EndFont

%BeginFont
Handler:DirectoryHandler
FontType:Suitcase
FontName:HelveticaNeue-MediumItalic
OutlineFileName:\HelveticaNeue.dfont
ResourceID:128
MacStyle:2
FileLength:6738727
FileModTime:1410310384
%EndFont

%BeginFont
Handler:DirectoryHandler
FontType:Suitcase
FontName:HelveticaNeue-Thin
OutlineFileName:\HelveticaNeue.dfont
ResourceID:4848
MacStyle:0
FileLength:6738727
FileModTime:1410310384
%EndFont

%BeginFont
Handler:DirectoryHandler
FontType:Suitcase
FontName:HelveticaNeue-ThinItalic
OutlineFileName:\HelveticaNeue.dfont
ResourceID:4848
MacStyle:2
FileLength:6738727
FileModTime:1410310384
%EndFont

%BeginFont
Handler:DirectoryHandler
FontType:Type1
FontName:MinionPro-Regular
FamilyName:Minion Pro
StyleName:Regular
MenuName:Minion Pro
StyleBits:0
WeightClass:400
WidthClass:5
AngleClass:0
FullName:Minion Pro
WritingScript:Roman
OutlineFileName:\MinionPro-Regular.otf
DataFormat:sfntData
UsesStandardEncoding:yes
isCFF:yes
FileLength:218640
FileModTime:1429794549
DesignSize:110
NameArray:0,Mac,4,Minion Pro
NameArray:0,Win,1,Minion Pro
%EndFont

